<?xml version="1.0" encoding="UTF-8"?>
<coverage generated="1605107601547" clover="3.2.0">
  <project timestamp="1605107601548" name="All files">
    <metrics statements="7" coveredstatements="6" conditionals="0" coveredconditionals="0" methods="4" coveredmethods="3" elements="11" coveredelements="9" complexity="0" loc="7" ncloc="7" packages="1" files="3" classes="3"/>
    <file name="cloneArray.js" path="D:\UNCC\Fall 2020\4166-NetworkAppDevelopement\Week11\lab10\js\cloneArray.js">
      <metrics statements="2" coveredstatements="2" conditionals="0" coveredconditionals="0" methods="1" coveredmethods="1"/>
      <line num="3" count="2" type="stmt"/>
      <line num="6" count="1" type="stmt"/>
    </file>
    <file name="subtract.js" path="D:\UNCC\Fall 2020\4166-NetworkAppDevelopement\Week11\lab10\js\subtract.js">
      <metrics statements="2" coveredstatements="2" conditionals="0" coveredconditionals="0" methods="1" coveredmethods="1"/>
      <line num="3" count="1" type="stmt"/>
      <line num="6" count="1" type="stmt"/>
    </file>
    <file name="sum.js" path="D:\UNCC\Fall 2020\4166-NetworkAppDevelopement\Week11\lab10\js\sum.js">
      <metrics statements="3" coveredstatements="2" conditionals="0" coveredconditionals="0" methods="2" coveredmethods="1"/>
      <line num="3" count="1" type="stmt"/>
      <line num="8" count="0" type="stmt"/>
      <line num="11" count="1" type="stmt"/>
    </file>
  </project>
</coverage>
