{"D:\\UNCC\\Fall 2020\\4166-NetworkAppDevelopement\\Week11\\lab10\\js\\cloneArray.js": {"path":"D:\\UNCC\\Fall 2020\\4166-NetworkAppDevelopement\\Week11\\lab10\\js\\cloneArray.js","statementMap":{"0":{"start":{"line":3,"column":4},"end":{"line":3,"column":21}},"1":{"start":{"line":6,"column":0},"end":{"line":6,"column":27}}},"fnMap":{"0":{"name":"cloneArray","decl":{"start":{"line":1,"column":9},"end":{"line":1,"column":19}},"loc":{"start":{"line":2,"column":0},"end":{"line":4,"column":1}},"line":2}},"branchMap":{},"s":{"0":2,"1":1},"f":{"0":2},"b":{},"_coverageSchema":"1a1c01bbd47fc00a2c39e90264f33305004495a9","hash":"bd60f33e699b6f142ee1faaa066bfd9951005a13"}
,"D:\\UNCC\\Fall 2020\\4166-NetworkAppDevelopement\\Week11\\lab10\\js\\subtract.js": {"path":"D:\\UNCC\\Fall 2020\\4166-NetworkAppDevelopement\\Week11\\lab10\\js\\subtract.js","statementMap":{"0":{"start":{"line":3,"column":4},"end":{"line":3,"column":16}},"1":{"start":{"line":6,"column":0},"end":{"line":6,"column":25}}},"fnMap":{"0":{"name":"subtract","decl":{"start":{"line":1,"column":9},"end":{"line":1,"column":17}},"loc":{"start":{"line":2,"column":0},"end":{"line":4,"column":1}},"line":2}},"branchMap":{},"s":{"0":1,"1":1},"f":{"0":1},"b":{},"_coverageSchema":"1a1c01bbd47fc00a2c39e90264f33305004495a9","hash":"6325d5afa56960d9625ad2b6619272c694e2531e"}
,"D:\\UNCC\\Fall 2020\\4166-NetworkAppDevelopement\\Week11\\lab10\\js\\sum.js": {"path":"D:\\UNCC\\Fall 2020\\4166-NetworkAppDevelopement\\Week11\\lab10\\js\\sum.js","statementMap":{"0":{"start":{"line":3,"column":4},"end":{"line":3,"column":17}},"1":{"start":{"line":8,"column":4},"end":{"line":8,"column":25}},"2":{"start":{"line":11,"column":0},"end":{"line":11,"column":20}}},"fnMap":{"0":{"name":"sum","decl":{"start":{"line":1,"column":9},"end":{"line":1,"column":12}},"loc":{"start":{"line":2,"column":0},"end":{"line":4,"column":1}},"line":2},"1":{"name":"helper","decl":{"start":{"line":6,"column":9},"end":{"line":6,"column":15}},"loc":{"start":{"line":7,"column":0},"end":{"line":9,"column":1}},"line":7}},"branchMap":{},"s":{"0":1,"1":0,"2":1},"f":{"0":1,"1":0},"b":{},"_coverageSchema":"1a1c01bbd47fc00a2c39e90264f33305004495a9","hash":"e564a45c1afce1b68f8da0d79d588979335fe0e7"}
}
